<?xml version="1.0" encoding="UTF-8"?>
<testsuite xmlns:xsi="http://www.w3.org/2001/XMLSchema-instance" xsi:noNamespaceSchemaLocation="https://maven.apache.org/surefire/maven-surefire-plugin/xsd/surefire-test-report-3.0.xsd" version="3.0" name="com.example.restservice.RestServiceApplicationTests" time="3.659" tests="1" errors="0" skipped="0" failures="0">
  <properties>
[...]
</properties>
  <testcase name="contextLoads" classname="com.example.restservice.RestServiceApplicationTests" time="1.027">
    <system-out><![CDATA[23:07:54.793 [main] INFO org.springframework.test.context.support.AnnotationConfigContextLoaderUtils -- Could not detect default configuration classes for test class [com.example.restservice.RestServiceApplicationTests]: RestServiceApplicationTests does not declare any static, non-private, non-final, nested classes annotated with @Configuration.
23:07:54.970 [main] INFO org.springframework.boot.test.context.SpringBootTestContextBootstrapper -- Found @SpringBootConfiguration com.example.restservice.RestServiceApplication for test class com.example.restservice.RestServiceApplicationTests

  .   ____          _            __ _ _
 /\\ / ___'_ __ _ _(_)_ __  __ _ \ \ \ \
( ( )\___ | '_ | '_| | '_ \/ _` | \ \ \ \
 \\/  ___)| |_)| | | | | || (_| |  ) ) ) )
  '  |____| .__|_| |_|_| |_\__, | / / / /
 =========|_|==============|___/=/_/_/_/
 :: Spring Boot ::                (v3.1.0)

2023-06-04T23:07:55.592-05:00  INFO 60855 --- [           main] c.e.r.RestServiceApplicationTests        : Starting RestServiceApplicationTests using Java 18.0.2.1 with PID 60855 (started by zixuanwang in /Users/zixuanwang/Desktop/spring/gs-rest-service/initial)
2023-06-04T23:07:55.596-05:00  INFO 60855 --- [           main] c.e.r.RestServiceApplicationTests        : No active profile set, falling back to 1 default profile: "default"
2023-06-04T23:07:57.133-05:00  INFO 60855 --- [           main] c.e.r.RestServiceApplicationTests        : Started RestServiceApplicationTests in 1.911 seconds (process running for 3.332)
]]></system-out>
  </testcase>
</testsuite>